<?xml version="1.0" encoding="UTF-8"?>
<testsuite name="com.maxnum.MaxNumTest" tests="1" skipped="0" failures="0" errors="0" timestamp="2021-04-23T11:12:09" hostname="DESKTOP-DCC7S3K" time="0.002">
  <properties/>
  <testcase name="FindMaxFloat" classname="com.maxnum.MaxNumTest" time="0.002"/>
  <system-out><![CDATA[]]></system-out>
  <system-err><![CDATA[]]></system-err>
</testsuite>
