<?xml version="1.0" encoding="UTF-8"?>
<testsuite name="com.maxnum.MaxNumTest" tests="1" skipped="0" failures="0" errors="0" timestamp="2021-04-22T15:13:35" hostname="DESKTOP-DCC7S3K" time="0.001">
  <properties/>
  <testcase name="MaxNumTest" classname="com.maxnum.MaxNumTest" time="0.001"/>
  <system-out><![CDATA[]]></system-out>
  <system-err><![CDATA[]]></system-err>
</testsuite>
